# This is the CMakeCache file.
# For build in directory: /workspaces/isaac_ros-dev/build/isaac_ros_stereo_image_proc
# It was generated by CMake: /usr/local/lib/python3.8/dist-packages/cmake/data/bin/cmake
# You can edit this file to change values found and used by cmake.
# If you do not want to change any of the values, simply exit the editor.
# If you do want to change a value, simply edit, save, and exit the editor.
# The syntax for the file is as follows:
# KEY:TYPE=VALUE
# KEY is the name of a variable in the cache.
# TYPE is a hint to GUIs for the type of VALUE, DO NOT EDIT TYPE!.
# VALUE is the current value for the KEY.

########################
# EXTERNAL cache entries
########################

//Generate environment files in the CMAKE_INSTALL_PREFIX
AMENT_CMAKE_ENVIRONMENT_GENERATION:BOOL=OFF

//Generate environment files in the package share folder
AMENT_CMAKE_ENVIRONMENT_PACKAGE_GENERATION:BOOL=ON

//Generate marker file containing the parent prefix path
AMENT_CMAKE_ENVIRONMENT_PARENT_PREFIX_PATH_GENERATION:BOOL=ON

//Replace the CMake install command with a custom implementation
// using symlinks instead of copying resources
AMENT_CMAKE_SYMLINK_INSTALL:BOOL=OFF

//Generate an uninstall target to revert the effects of the install
// step
AMENT_CMAKE_UNINSTALL_TARGET:BOOL=ON

//The path where test results are generated
AMENT_TEST_RESULTS_DIR:PATH=/workspaces/isaac_ros-dev/build/isaac_ros_stereo_image_proc/test_results

//Build the testing tree.
BUILD_TESTING:BOOL=ON

//Path to a program.
CMAKE_ADDR2LINE:FILEPATH=/usr/bin/addr2line

//Path to a program.
CMAKE_AR:FILEPATH=/usr/bin/ar

CMAKE_BUILD_TYPE:STRING=Release

//Enable/Disable color output during build.
CMAKE_COLOR_MAKEFILE:BOOL=ON

//CUDA architectures
CMAKE_CUDA_ARCHITECTURES:STRING=52

//CUDA compiler
CMAKE_CUDA_COMPILER:FILEPATH=/usr/local/cuda/bin/nvcc

//Flags used by the CUDA compiler during all build types.
CMAKE_CUDA_FLAGS:STRING=

//Flags used by the CUDA compiler during DEBUG builds.
CMAKE_CUDA_FLAGS_DEBUG:STRING=-g

//Flags used by the CUDA compiler during MINSIZEREL builds.
CMAKE_CUDA_FLAGS_MINSIZEREL:STRING=-O1 -DNDEBUG

//Flags used by the CUDA compiler during RELEASE builds.
CMAKE_CUDA_FLAGS_RELEASE:STRING=-O3 -DNDEBUG

//Flags used by the CUDA compiler during RELWITHDEBINFO builds.
CMAKE_CUDA_FLAGS_RELWITHDEBINFO:STRING=-O2 -g -DNDEBUG

//CXX compiler
CMAKE_CXX_COMPILER:FILEPATH=/usr/bin/c++

//A wrapper around 'ar' adding the appropriate '--plugin' option
// for the GCC compiler
CMAKE_CXX_COMPILER_AR:FILEPATH=/usr/bin/gcc-ar-9

//A wrapper around 'ranlib' adding the appropriate '--plugin' option
// for the GCC compiler
CMAKE_CXX_COMPILER_RANLIB:FILEPATH=/usr/bin/gcc-ranlib-9

//Flags used by the CXX compiler during all build types.
CMAKE_CXX_FLAGS:STRING=

//Flags used by the CXX compiler during DEBUG builds.
CMAKE_CXX_FLAGS_DEBUG:STRING=-g

//Flags used by the CXX compiler during MINSIZEREL builds.
CMAKE_CXX_FLAGS_MINSIZEREL:STRING=-Os -DNDEBUG

//Flags used by the CXX compiler during RELEASE builds.
CMAKE_CXX_FLAGS_RELEASE:STRING=-O3 -DNDEBUG

//Flags used by the CXX compiler during RELWITHDEBINFO builds.
CMAKE_CXX_FLAGS_RELWITHDEBINFO:STRING=-O2 -g -DNDEBUG

//C compiler
CMAKE_C_COMPILER:FILEPATH=/usr/bin/cc

//A wrapper around 'ar' adding the appropriate '--plugin' option
// for the GCC compiler
CMAKE_C_COMPILER_AR:FILEPATH=/usr/bin/gcc-ar-9

//A wrapper around 'ranlib' adding the appropriate '--plugin' option
// for the GCC compiler
CMAKE_C_COMPILER_RANLIB:FILEPATH=/usr/bin/gcc-ranlib-9

//Flags used by the C compiler during all build types.
CMAKE_C_FLAGS:STRING=

//Flags used by the C compiler during DEBUG builds.
CMAKE_C_FLAGS_DEBUG:STRING=-g

//Flags used by the C compiler during MINSIZEREL builds.
CMAKE_C_FLAGS_MINSIZEREL:STRING=-Os -DNDEBUG

//Flags used by the C compiler during RELEASE builds.
CMAKE_C_FLAGS_RELEASE:STRING=-O3 -DNDEBUG

//Flags used by the C compiler during RELWITHDEBINFO builds.
CMAKE_C_FLAGS_RELWITHDEBINFO:STRING=-O2 -g -DNDEBUG

//Path to a program.
CMAKE_DLLTOOL:FILEPATH=CMAKE_DLLTOOL-NOTFOUND

//Flags used by the linker during all build types.
CMAKE_EXE_LINKER_FLAGS:STRING=

//Flags used by the linker during DEBUG builds.
CMAKE_EXE_LINKER_FLAGS_DEBUG:STRING=

//Flags used by the linker during MINSIZEREL builds.
CMAKE_EXE_LINKER_FLAGS_MINSIZEREL:STRING=

//Flags used by the linker during RELEASE builds.
CMAKE_EXE_LINKER_FLAGS_RELEASE:STRING=

//Flags used by the linker during RELWITHDEBINFO builds.
CMAKE_EXE_LINKER_FLAGS_RELWITHDEBINFO:STRING=

//Enable/Disable output of compile commands during generation.
CMAKE_EXPORT_COMPILE_COMMANDS:BOOL=

//Value Computed by CMake.
CMAKE_FIND_PACKAGE_REDIRECTS_DIR:STATIC=/workspaces/isaac_ros-dev/build/isaac_ros_stereo_image_proc/CMakeFiles/pkgRedirects

//Install path prefix, prepended onto install directories.
CMAKE_INSTALL_PREFIX:PATH=/workspaces/isaac_ros-dev/install/isaac_ros_stereo_image_proc

//Path to a program.
CMAKE_LINKER:FILEPATH=/usr/bin/ld

//Path to a program.
CMAKE_MAKE_PROGRAM:FILEPATH=/usr/bin/make

//Flags used by the linker during the creation of modules during
// all build types.
CMAKE_MODULE_LINKER_FLAGS:STRING=

//Flags used by the linker during the creation of modules during
// DEBUG builds.
CMAKE_MODULE_LINKER_FLAGS_DEBUG:STRING=

//Flags used by the linker during the creation of modules during
// MINSIZEREL builds.
CMAKE_MODULE_LINKER_FLAGS_MINSIZEREL:STRING=

//Flags used by the linker during the creation of modules during
// RELEASE builds.
CMAKE_MODULE_LINKER_FLAGS_RELEASE:STRING=

//Flags used by the linker during the creation of modules during
// RELWITHDEBINFO builds.
CMAKE_MODULE_LINKER_FLAGS_RELWITHDEBINFO:STRING=

//Path to a program.
CMAKE_NM:FILEPATH=/usr/bin/nm

//Path to a program.
CMAKE_OBJCOPY:FILEPATH=/usr/bin/objcopy

//Path to a program.
CMAKE_OBJDUMP:FILEPATH=/usr/bin/objdump

//Value Computed by CMake
CMAKE_PROJECT_DESCRIPTION:STATIC=

//Value Computed by CMake
CMAKE_PROJECT_HOMEPAGE_URL:STATIC=

//Value Computed by CMake
CMAKE_PROJECT_NAME:STATIC=isaac_ros_stereo_image_proc

//Value Computed by CMake
CMAKE_PROJECT_VERSION:STATIC=0.6.3

//Value Computed by CMake
CMAKE_PROJECT_VERSION_MAJOR:STATIC=0

//Value Computed by CMake
CMAKE_PROJECT_VERSION_MINOR:STATIC=6

//Value Computed by CMake
CMAKE_PROJECT_VERSION_PATCH:STATIC=3

//Value Computed by CMake
CMAKE_PROJECT_VERSION_TWEAK:STATIC=

//Path to a program.
CMAKE_RANLIB:FILEPATH=/usr/bin/ranlib

//Path to a program.
CMAKE_READELF:FILEPATH=/usr/bin/readelf

//Flags used by the linker during the creation of shared libraries
// during all build types.
CMAKE_SHARED_LINKER_FLAGS:STRING=

//Flags used by the linker during the creation of shared libraries
// during DEBUG builds.
CMAKE_SHARED_LINKER_FLAGS_DEBUG:STRING=

//Flags used by the linker during the creation of shared libraries
// during MINSIZEREL builds.
CMAKE_SHARED_LINKER_FLAGS_MINSIZEREL:STRING=

//Flags used by the linker during the creation of shared libraries
// during RELEASE builds.
CMAKE_SHARED_LINKER_FLAGS_RELEASE:STRING=

//Flags used by the linker during the creation of shared libraries
// during RELWITHDEBINFO builds.
CMAKE_SHARED_LINKER_FLAGS_RELWITHDEBINFO:STRING=

//If set, runtime paths are not added when installing shared libraries,
// but are added when building.
CMAKE_SKIP_INSTALL_RPATH:BOOL=NO

//If set, runtime paths are not added when using shared libraries.
CMAKE_SKIP_RPATH:BOOL=NO

//Flags used by the linker during the creation of static libraries
// during all build types.
CMAKE_STATIC_LINKER_FLAGS:STRING=

//Flags used by the linker during the creation of static libraries
// during DEBUG builds.
CMAKE_STATIC_LINKER_FLAGS_DEBUG:STRING=

//Flags used by the linker during the creation of static libraries
// during MINSIZEREL builds.
CMAKE_STATIC_LINKER_FLAGS_MINSIZEREL:STRING=

//Flags used by the linker during the creation of static libraries
// during RELEASE builds.
CMAKE_STATIC_LINKER_FLAGS_RELEASE:STRING=

//Flags used by the linker during the creation of static libraries
// during RELWITHDEBINFO builds.
CMAKE_STATIC_LINKER_FLAGS_RELWITHDEBINFO:STRING=

//Path to a program.
CMAKE_STRIP:FILEPATH=/usr/bin/strip

//If this value is on, makefiles will be generated without the
// .SILENT directive, and all commands will be echoed to the console
// during the make.  This is useful for debugging only. With Visual
// Studio IDE projects all commands are done without /nologo.
CMAKE_VERBOSE_MAKEFILE:BOOL=FALSE

//Compile device code in 64 bit mode
CUDA_64_BIT_DEVICE_CODE:BOOL=ON

//Attach the build rule to the CUDA source file.  Enable only when
// the CUDA source file is added to at most one target.
CUDA_ATTACH_VS_BUILD_RULE_TO_CUDA_FILE:BOOL=ON

//Generate and parse .cubin files in Device mode.
CUDA_BUILD_CUBIN:BOOL=OFF

//Build in Emulation mode
CUDA_BUILD_EMULATION:BOOL=OFF

//"cudart" library
CUDA_CUDART_LIBRARY:FILEPATH=/usr/local/cuda/lib64/libcudart.so

//"cuda" library (older versions only).
CUDA_CUDA_LIBRARY:FILEPATH=/usr/lib/x86_64-linux-gnu/libcuda.so

//Directory to put all the output files.  If blank it will default
// to the CMAKE_CURRENT_BINARY_DIR
CUDA_GENERATED_OUTPUT_DIR:PATH=

//Generated file extension
CUDA_HOST_COMPILATION_CPP:BOOL=ON

//Host side compiler used by NVCC
CUDA_HOST_COMPILER:FILEPATH=

//Path to a program.
CUDA_NVCC_EXECUTABLE:FILEPATH=/usr/local/cuda/bin/nvcc

//Semi-colon delimit multiple arguments. during all build types.
CUDA_NVCC_FLAGS:STRING=

//Semi-colon delimit multiple arguments. during DEBUG builds.
CUDA_NVCC_FLAGS_DEBUG:STRING=

//Semi-colon delimit multiple arguments. during MINSIZEREL builds.
CUDA_NVCC_FLAGS_MINSIZEREL:STRING=

//Semi-colon delimit multiple arguments. during RELEASE builds.
CUDA_NVCC_FLAGS_RELEASE:STRING=

//Semi-colon delimit multiple arguments. during RELWITHDEBINFO
// builds.
CUDA_NVCC_FLAGS_RELWITHDEBINFO:STRING=

//"OpenCL" library
CUDA_OpenCL_LIBRARY:FILEPATH=/usr/local/cuda/lib64/libOpenCL.so

//Propagate C/CXX_FLAGS and friends to the host compiler via -Xcompile
CUDA_PROPAGATE_HOST_FLAGS:BOOL=ON

//Path to a file.
CUDA_SDK_ROOT_DIR:PATH=CUDA_SDK_ROOT_DIR-NOTFOUND

//Compile CUDA objects with separable compilation enabled.  Requires
// CUDA 5.0+
CUDA_SEPARABLE_COMPILATION:BOOL=OFF

//Path to a file.
CUDA_TOOLKIT_INCLUDE:PATH=/usr/local/cuda/include

//Toolkit location.
CUDA_TOOLKIT_ROOT_DIR:PATH=/usr/local/cuda

//Use the static version of the CUDA runtime library if available
CUDA_USE_STATIC_CUDA_RUNTIME:BOOL=ON

//Print out the commands run while compiling the CUDA source file.
//  With the Makefile generator this defaults to VERBOSE variable
// specified on the command line, but can be forced on with this
// option.
CUDA_VERBOSE_BUILD:BOOL=OFF

//Version of CUDA as computed from nvcc.
CUDA_VERSION:STRING=11.8

//"cublas" library
CUDA_cublas_LIBRARY:FILEPATH=/usr/local/cuda/lib64/libcublas.so

//"cudadevrt" library
CUDA_cudadevrt_LIBRARY:FILEPATH=/usr/local/cuda/lib64/libcudadevrt.a

//static CUDA runtime library
CUDA_cudart_static_LIBRARY:FILEPATH=/usr/local/cuda/lib64/libcudart_static.a

//"cufft" library
CUDA_cufft_LIBRARY:FILEPATH=/usr/local/cuda/lib64/libcufft.so

//"cupti" library
CUDA_cupti_LIBRARY:FILEPATH=CUDA_cupti_LIBRARY-NOTFOUND

//"curand" library
CUDA_curand_LIBRARY:FILEPATH=/usr/local/cuda/lib64/libcurand.so

//"cusolver" library
CUDA_cusolver_LIBRARY:FILEPATH=/usr/local/cuda/lib64/libcusolver.so

//"cusparse" library
CUDA_cusparse_LIBRARY:FILEPATH=/usr/local/cuda/lib64/libcusparse.so

//"nppc" library
CUDA_nppc_LIBRARY:FILEPATH=/usr/local/cuda/lib64/libnppc.so

//"nppial" library
CUDA_nppial_LIBRARY:FILEPATH=/usr/local/cuda/lib64/libnppial.so

//"nppicc" library
CUDA_nppicc_LIBRARY:FILEPATH=/usr/local/cuda/lib64/libnppicc.so

//"nppidei" library
CUDA_nppidei_LIBRARY:FILEPATH=/usr/local/cuda/lib64/libnppidei.so

//"nppif" library
CUDA_nppif_LIBRARY:FILEPATH=/usr/local/cuda/lib64/libnppif.so

//"nppig" library
CUDA_nppig_LIBRARY:FILEPATH=/usr/local/cuda/lib64/libnppig.so

//"nppim" library
CUDA_nppim_LIBRARY:FILEPATH=/usr/local/cuda/lib64/libnppim.so

//"nppist" library
CUDA_nppist_LIBRARY:FILEPATH=/usr/local/cuda/lib64/libnppist.so

//"nppisu" library
CUDA_nppisu_LIBRARY:FILEPATH=/usr/local/cuda/lib64/libnppisu.so

//"nppitc" library
CUDA_nppitc_LIBRARY:FILEPATH=/usr/local/cuda/lib64/libnppitc.so

//"npps" library
CUDA_npps_LIBRARY:FILEPATH=/usr/local/cuda/lib64/libnpps.so

//"nvToolsExt" library
CUDA_nvToolsExt_LIBRARY:FILEPATH=/usr/local/cuda/lib64/libnvToolsExt.so

//Path to a library.
CUDA_rt_LIBRARY:FILEPATH=/usr/lib/x86_64-linux-gnu/librt.so

//Directory under which to collect all populated content
FETCHCONTENT_BASE_DIR:PATH=/workspaces/isaac_ros-dev/build/isaac_ros_stereo_image_proc/_deps

//Disables all attempts to download or update content and assumes
// source dirs already exist
FETCHCONTENT_FULLY_DISCONNECTED:BOOL=OFF

//Enables QUIET option for all content population
FETCHCONTENT_QUIET:BOOL=ON

//When not empty, overrides where to find pre-populated content
// for yaml-cpp
FETCHCONTENT_SOURCE_DIR_YAML-CPP:PATH=

//Enables UPDATE_DISCONNECTED behavior for all content population
FETCHCONTENT_UPDATES_DISCONNECTED:BOOL=OFF

//Enables UPDATE_DISCONNECTED behavior just for population of yaml-cpp
FETCHCONTENT_UPDATES_DISCONNECTED_YAML-CPP:BOOL=OFF

//Path to a library.
FastCDR_LIBRARY_DEBUG:FILEPATH=FastCDR_LIBRARY_DEBUG-NOTFOUND

//Path to a library.
FastCDR_LIBRARY_RELEASE:FILEPATH=/opt/ros/humble/install/lib/libfastcdr.so

//Path to a file.
FastRTPS_INCLUDE_DIR:PATH=/opt/ros/humble/install/include

//Path to a library.
FastRTPS_LIBRARY_DEBUG:FILEPATH=FastRTPS_LIBRARY_DEBUG-NOTFOUND

//Path to a library.
FastRTPS_LIBRARY_RELEASE:FILEPATH=/opt/ros/humble/install/lib/libfastrtps.so

//Git command line client
GIT_EXECUTABLE:FILEPATH=/usr/bin/git

//Path to a file.
GXF_atlas_INCLUDE_DIR:PATH=/workspaces/isaac_ros-dev/install/isaac_ros_gxf/share/isaac_ros_gxf/gxf/include/gxf

//Path to a library.
GXF_atlas_LIBRARY:FILEPATH=/workspaces/isaac_ros-dev/install/isaac_ros_gxf/share/isaac_ros_gxf/gxf/lib/libgxf_atlas.so

//Path to a file.
GXF_common_INCLUDE_DIR:PATH=/workspaces/isaac_ros-dev/install/isaac_ros_gxf/share/isaac_ros_gxf/gxf/include

//Path to a file.
GXF_core_INCLUDE_DIR:PATH=/workspaces/isaac_ros-dev/install/isaac_ros_gxf/share/isaac_ros_gxf/gxf/include/gxf

//Path to a library.
GXF_core_LIBRARY:FILEPATH=/workspaces/isaac_ros-dev/install/isaac_ros_gxf/share/isaac_ros_gxf/gxf/lib/core/libgxf_core.so

//Path to a file.
GXF_cuda_INCLUDE_DIR:PATH=/workspaces/isaac_ros-dev/install/isaac_ros_gxf/share/isaac_ros_gxf/gxf/include/gxf

//Path to a library.
GXF_cuda_LIBRARY:FILEPATH=/workspaces/isaac_ros-dev/install/isaac_ros_gxf/share/isaac_ros_gxf/gxf/lib/cuda/libgxf_cuda.so

//Path to a file.
GXF_gxf_optimizer_INCLUDE_DIR:PATH=/workspaces/isaac_ros-dev/install/isaac_ros_gxf/share/isaac_ros_gxf/gxf/include/gxf

//Path to a library.
GXF_gxf_optimizer_LIBRARY:FILEPATH=/workspaces/isaac_ros-dev/install/isaac_ros_gxf/share/isaac_ros_gxf/gxf/lib/libgxf_optimizer.so

//Path to a file.
GXF_isaac_messages_INCLUDE_DIR:PATH=/workspaces/isaac_ros-dev/install/isaac_ros_gxf/share/isaac_ros_gxf/gxf/include/gxf

//Path to a library.
GXF_isaac_messages_LIBRARY:FILEPATH=/workspaces/isaac_ros-dev/install/isaac_ros_gxf/share/isaac_ros_gxf/gxf/lib/libgxf_isaac_messages.so

//Path to a file.
GXF_isaac_ros_messages_INCLUDE_DIR:PATH=/workspaces/isaac_ros-dev/install/isaac_ros_gxf/share/isaac_ros_gxf/gxf/include/gxf

//Path to a library.
GXF_isaac_ros_messages_LIBRARY:FILEPATH=/workspaces/isaac_ros-dev/install/isaac_ros_gxf/share/isaac_ros_gxf/gxf/lib/libgxf_isaac_ros_messages.so

//Path to a file.
GXF_multimedia_INCLUDE_DIR:PATH=/workspaces/isaac_ros-dev/install/isaac_ros_gxf/share/isaac_ros_gxf/gxf/include/gxf

//Path to a library.
GXF_multimedia_LIBRARY:FILEPATH=/workspaces/isaac_ros-dev/install/isaac_ros_gxf/share/isaac_ros_gxf/gxf/lib/multimedia/libgxf_multimedia.so

//Path to a file.
GXF_serialization_INCLUDE_DIR:PATH=/workspaces/isaac_ros-dev/install/isaac_ros_gxf/share/isaac_ros_gxf/gxf/include/gxf

//Path to a library.
GXF_serialization_LIBRARY:FILEPATH=/workspaces/isaac_ros-dev/install/isaac_ros_gxf/share/isaac_ros_gxf/gxf/lib/serialization/libgxf_serialization.so

//Path to a file.
GXF_std_INCLUDE_DIR:PATH=/workspaces/isaac_ros-dev/install/isaac_ros_gxf/share/isaac_ros_gxf/gxf/include/gxf

//Path to a library.
GXF_std_LIBRARY:FILEPATH=/workspaces/isaac_ros-dev/install/isaac_ros_gxf/share/isaac_ros_gxf/gxf/lib/std/libgxf_std.so

//Path to a library.
OPENSSL_CRYPTO_LIBRARY:FILEPATH=/usr/lib/x86_64-linux-gnu/libcrypto.so

//Path to a file.
OPENSSL_INCLUDE_DIR:PATH=/usr/include

//Path to a library.
OPENSSL_SSL_LIBRARY:FILEPATH=/usr/lib/x86_64-linux-gnu/libssl.so

//The directory containing a CMake configuration file for OpenCV.
OpenCV_DIR:PATH=/usr/lib/x86_64-linux-gnu/cmake/opencv4

//Arguments to supply to pkg-config
PKG_CONFIG_ARGN:STRING=

//pkg-config executable
PKG_CONFIG_EXECUTABLE:FILEPATH=/usr/bin/pkg-config

//Path to a program.
PYTHON_EXECUTABLE:FILEPATH=/usr/bin/python3

//Path to a file.
PYTHON_INCLUDE_DIR:PATH=/usr/include/python3.8

//Path to a library.
PYTHON_LIBRARY:FILEPATH=/usr/lib/x86_64-linux-gnu/libpython3.8.so

//Path to a library.
PYTHON_LIBRARY_DEBUG:FILEPATH=PYTHON_LIBRARY_DEBUG-NOTFOUND

//Select ROS middleware implementation to link against
RMW_IMPLEMENTATION:STRING=rmw_fastrtps_cpp

//Name of the computer/site where compile is being run
SITE:STRING=cameron-laptop

//Path to a file.
TINYXML2_INCLUDE_DIR:PATH=/usr/include

//Path to a library.
TINYXML2_LIBRARY:FILEPATH=/usr/lib/x86_64-linux-gnu/libtinyxml2.so

//The directory containing a CMake configuration file for TinyXML2.
TinyXML2_DIR:PATH=TinyXML2_DIR-NOTFOUND

//Build Shared Libraries
YAML_BUILD_SHARED_LIBS:BOOL=OFF

//Value Computed by CMake
YAML_CPP_BINARY_DIR:STATIC=/workspaces/isaac_ros-dev/build/isaac_ros_stereo_image_proc/_deps/yaml-cpp-build

//Enable contrib stuff in library
YAML_CPP_BUILD_CONTRIB:BOOL=ON

//Enable generation of install target
YAML_CPP_INSTALL:BOOL=ON

//Value Computed by CMake
YAML_CPP_IS_TOP_LEVEL:STATIC=OFF

//Value Computed by CMake
YAML_CPP_SOURCE_DIR:STATIC=/workspaces/isaac_ros-dev/build/isaac_ros_stereo_image_proc/_deps/yaml-cpp-src

//Path to a file.
_launch_test_FILE_NAME:FILEPATH=/workspaces/isaac_ros-dev/src/isaac_ros_image_pipeline/isaac_ros_stereo_image_proc/test/isaac_ros_stereo_point_cloud_output_compare.py

//Path to a library.
_lib:FILEPATH=/workspaces/isaac_ros-dev/install/isaac_ros_nitros_point_cloud_type/lib/libnitros_point_cloud_forward_node.so

//The directory containing a CMake configuration file for ament_cmake.
ament_cmake_DIR:PATH=/opt/ros/humble/install/share/ament_cmake/cmake

//The directory containing a CMake configuration file for ament_cmake_auto.
ament_cmake_auto_DIR:PATH=/opt/ros/humble/install/share/ament_cmake_auto/cmake

//The directory containing a CMake configuration file for ament_cmake_copyright.
ament_cmake_copyright_DIR:PATH=/opt/ros/humble/install/share/ament_cmake_copyright/cmake

//The directory containing a CMake configuration file for ament_cmake_core.
ament_cmake_core_DIR:PATH=/opt/ros/humble/install/share/ament_cmake_core/cmake

//The directory containing a CMake configuration file for ament_cmake_cppcheck.
ament_cmake_cppcheck_DIR:PATH=/opt/ros/humble/install/share/ament_cmake_cppcheck/cmake

//The directory containing a CMake configuration file for ament_cmake_cpplint.
ament_cmake_cpplint_DIR:PATH=/opt/ros/humble/install/share/ament_cmake_cpplint/cmake

//The directory containing a CMake configuration file for ament_cmake_export_definitions.
ament_cmake_export_definitions_DIR:PATH=/opt/ros/humble/install/share/ament_cmake_export_definitions/cmake

//The directory containing a CMake configuration file for ament_cmake_export_dependencies.
ament_cmake_export_dependencies_DIR:PATH=/opt/ros/humble/install/share/ament_cmake_export_dependencies/cmake

//The directory containing a CMake configuration file for ament_cmake_export_include_directories.
ament_cmake_export_include_directories_DIR:PATH=/opt/ros/humble/install/share/ament_cmake_export_include_directories/cmake

//The directory containing a CMake configuration file for ament_cmake_export_interfaces.
ament_cmake_export_interfaces_DIR:PATH=/opt/ros/humble/install/share/ament_cmake_export_interfaces/cmake

//The directory containing a CMake configuration file for ament_cmake_export_libraries.
ament_cmake_export_libraries_DIR:PATH=/opt/ros/humble/install/share/ament_cmake_export_libraries/cmake

//The directory containing a CMake configuration file for ament_cmake_export_link_flags.
ament_cmake_export_link_flags_DIR:PATH=/opt/ros/humble/install/share/ament_cmake_export_link_flags/cmake

//The directory containing a CMake configuration file for ament_cmake_export_targets.
ament_cmake_export_targets_DIR:PATH=/opt/ros/humble/install/share/ament_cmake_export_targets/cmake

//The directory containing a CMake configuration file for ament_cmake_flake8.
ament_cmake_flake8_DIR:PATH=/opt/ros/humble/install/share/ament_cmake_flake8/cmake

//The directory containing a CMake configuration file for ament_cmake_gen_version_h.
ament_cmake_gen_version_h_DIR:PATH=/opt/ros/humble/install/share/ament_cmake_gen_version_h/cmake

//The directory containing a CMake configuration file for ament_cmake_include_directories.
ament_cmake_include_directories_DIR:PATH=/opt/ros/humble/install/share/ament_cmake_include_directories/cmake

//The directory containing a CMake configuration file for ament_cmake_libraries.
ament_cmake_libraries_DIR:PATH=/opt/ros/humble/install/share/ament_cmake_libraries/cmake

//The directory containing a CMake configuration file for ament_cmake_lint_cmake.
ament_cmake_lint_cmake_DIR:PATH=/opt/ros/humble/install/share/ament_cmake_lint_cmake/cmake

//The directory containing a CMake configuration file for ament_cmake_pep257.
ament_cmake_pep257_DIR:PATH=/opt/ros/humble/install/share/ament_cmake_pep257/cmake

//The directory containing a CMake configuration file for ament_cmake_python.
ament_cmake_python_DIR:PATH=/opt/ros/humble/install/share/ament_cmake_python/cmake

//The directory containing a CMake configuration file for ament_cmake_target_dependencies.
ament_cmake_target_dependencies_DIR:PATH=/opt/ros/humble/install/share/ament_cmake_target_dependencies/cmake

//The directory containing a CMake configuration file for ament_cmake_test.
ament_cmake_test_DIR:PATH=/opt/ros/humble/install/share/ament_cmake_test/cmake

//The directory containing a CMake configuration file for ament_cmake_uncrustify.
ament_cmake_uncrustify_DIR:PATH=/opt/ros/humble/install/share/ament_cmake_uncrustify/cmake

//The directory containing a CMake configuration file for ament_cmake_version.
ament_cmake_version_DIR:PATH=/opt/ros/humble/install/share/ament_cmake_version/cmake

//The directory containing a CMake configuration file for ament_cmake_xmllint.
ament_cmake_xmllint_DIR:PATH=/opt/ros/humble/install/share/ament_cmake_xmllint/cmake

//Path to a program.
ament_copyright_BIN:FILEPATH=/opt/ros/humble/install/bin/ament_copyright

//Path to a program.
ament_cppcheck_BIN:FILEPATH=/opt/ros/humble/install/bin/ament_cppcheck

//Path to a program.
ament_cpplint_BIN:FILEPATH=/opt/ros/humble/install/bin/ament_cpplint

//Path to a program.
ament_flake8_BIN:FILEPATH=/opt/ros/humble/install/bin/ament_flake8

//The directory containing a CMake configuration file for ament_index_cpp.
ament_index_cpp_DIR:PATH=/opt/ros/humble/install/share/ament_index_cpp/cmake

//The directory containing a CMake configuration file for ament_lint_auto.
ament_lint_auto_DIR:PATH=/opt/ros/humble/install/share/ament_lint_auto/cmake

//Path to a program.
ament_lint_cmake_BIN:FILEPATH=/opt/ros/humble/install/bin/ament_lint_cmake

//The directory containing a CMake configuration file for ament_lint_common.
ament_lint_common_DIR:PATH=/opt/ros/humble/install/share/ament_lint_common/cmake

//Path to a program.
ament_pep257_BIN:FILEPATH=/opt/ros/humble/install/bin/ament_pep257

//Path to a program.
ament_uncrustify_BIN:FILEPATH=/opt/ros/humble/install/bin/ament_uncrustify

//Path to a program.
ament_xmllint_BIN:FILEPATH=/opt/ros/humble/install/bin/ament_xmllint

//The directory containing a CMake configuration file for builtin_interfaces.
builtin_interfaces_DIR:PATH=/opt/ros/humble/install/share/builtin_interfaces/cmake

//The directory containing a CMake configuration file for class_loader.
class_loader_DIR:PATH=/opt/ros/humble/install/share/class_loader/cmake

//The directory containing a CMake configuration file for composition_interfaces.
composition_interfaces_DIR:PATH=/opt/ros/humble/install/share/composition_interfaces/cmake

//The directory containing a CMake configuration file for console_bridge.
console_bridge_DIR:PATH=/opt/ros/humble/install/lib/console_bridge/cmake

//The directory containing a CMake configuration file for cv_bridge.
cv_bridge_DIR:PATH=/opt/ros/humble/install/share/cv_bridge/cmake

//The directory containing a CMake configuration file for fastcdr.
fastcdr_DIR:PATH=/opt/ros/humble/install/lib/cmake/fastcdr

//The directory containing a CMake configuration file for fastrtps.
fastrtps_DIR:PATH=/opt/ros/humble/install/share/fastrtps/cmake

//The directory containing a CMake configuration file for fastrtps_cmake_module.
fastrtps_cmake_module_DIR:PATH=/opt/ros/humble/install/share/fastrtps_cmake_module/cmake

//The directory containing a CMake configuration file for foonathan_memory.
foonathan_memory_DIR:PATH=/opt/ros/humble/install/lib/foonathan_memory/cmake

//The directory containing a CMake configuration file for geometry_msgs.
geometry_msgs_DIR:PATH=/opt/ros/humble/install/share/geometry_msgs/cmake

//Value Computed by CMake
gxf_disparity_extension_BINARY_DIR:STATIC=/workspaces/isaac_ros-dev/build/isaac_ros_stereo_image_proc/gxf/sgm_disparity

//Value Computed by CMake
gxf_disparity_extension_IS_TOP_LEVEL:STATIC=OFF

//Value Computed by CMake
gxf_disparity_extension_SOURCE_DIR:STATIC=/workspaces/isaac_ros-dev/src/isaac_ros_image_pipeline/isaac_ros_stereo_image_proc/gxf/sgm_disparity

//The directory containing a CMake configuration file for image_geometry.
image_geometry_DIR:PATH=/opt/ros/humble/install/share/image_geometry/cmake

//The directory containing a CMake configuration file for image_transport.
image_transport_DIR:PATH=/opt/ros/humble/install/share/image_transport/cmake

//The directory containing a CMake configuration file for isaac_ros_common.
isaac_ros_common_DIR:PATH=/workspaces/isaac_ros-dev/install/isaac_ros_common/share/isaac_ros_common/cmake

//The directory containing a CMake configuration file for isaac_ros_gxf.
isaac_ros_gxf_DIR:PATH=/workspaces/isaac_ros-dev/install/isaac_ros_gxf/share/isaac_ros_gxf/cmake

//The directory containing a CMake configuration file for isaac_ros_nitros.
isaac_ros_nitros_DIR:PATH=/workspaces/isaac_ros-dev/install/isaac_ros_nitros/share/isaac_ros_nitros/cmake

//The directory containing a CMake configuration file for isaac_ros_nitros_camera_info_type.
isaac_ros_nitros_camera_info_type_DIR:PATH=/workspaces/isaac_ros-dev/install/isaac_ros_nitros_camera_info_type/share/isaac_ros_nitros_camera_info_type/cmake

//The directory containing a CMake configuration file for isaac_ros_nitros_disparity_image_type.
isaac_ros_nitros_disparity_image_type_DIR:PATH=/workspaces/isaac_ros-dev/install/isaac_ros_nitros_disparity_image_type/share/isaac_ros_nitros_disparity_image_type/cmake

//The directory containing a CMake configuration file for isaac_ros_nitros_image_type.
isaac_ros_nitros_image_type_DIR:PATH=/workspaces/isaac_ros-dev/install/isaac_ros_nitros_image_type/share/isaac_ros_nitros_image_type/cmake

//The directory containing a CMake configuration file for isaac_ros_nitros_interfaces.
isaac_ros_nitros_interfaces_DIR:PATH=/workspaces/isaac_ros-dev/install/isaac_ros_nitros_interfaces/share/isaac_ros_nitros_interfaces/cmake

//The directory containing a CMake configuration file for isaac_ros_nitros_point_cloud_type.
isaac_ros_nitros_point_cloud_type_DIR:PATH=/workspaces/isaac_ros-dev/install/isaac_ros_nitros_point_cloud_type/share/isaac_ros_nitros_point_cloud_type/cmake

//Value Computed by CMake
isaac_ros_stereo_image_proc_BINARY_DIR:STATIC=/workspaces/isaac_ros-dev/build/isaac_ros_stereo_image_proc

//Value Computed by CMake
isaac_ros_stereo_image_proc_IS_TOP_LEVEL:STATIC=ON

//Value Computed by CMake
isaac_ros_stereo_image_proc_SOURCE_DIR:STATIC=/workspaces/isaac_ros-dev/src/isaac_ros_image_pipeline/isaac_ros_stereo_image_proc

//The directory containing a CMake configuration file for isaac_ros_test.
isaac_ros_test_DIR:PATH=isaac_ros_test_DIR-NOTFOUND

//The directory containing a CMake configuration file for launch_testing_ament_cmake.
launch_testing_ament_cmake_DIR:PATH=/opt/ros/humble/install/share/launch_testing_ament_cmake/cmake

//The directory containing a CMake configuration file for libstatistics_collector.
libstatistics_collector_DIR:PATH=/opt/ros/humble/install/share/libstatistics_collector/cmake

//The directory containing a CMake configuration file for libyaml_vendor.
libyaml_vendor_DIR:PATH=/opt/ros/humble/install/share/libyaml_vendor/cmake

//The directory containing a CMake configuration file for message_filters.
message_filters_DIR:PATH=/opt/ros/humble/install/share/message_filters/cmake

//The directory containing a CMake configuration file for negotiated.
negotiated_DIR:PATH=/opt/ros/humble/install/share/negotiated/cmake

//The directory containing a CMake configuration file for negotiated_interfaces.
negotiated_interfaces_DIR:PATH=/opt/ros/humble/install/share/negotiated_interfaces/cmake

//Path to a library.
pkgcfg_lib__OPENSSL_crypto:FILEPATH=/usr/lib/x86_64-linux-gnu/libcrypto.so

//Path to a library.
pkgcfg_lib__OPENSSL_ssl:FILEPATH=/usr/lib/x86_64-linux-gnu/libssl.so

//The directory containing a CMake configuration file for pluginlib.
pluginlib_DIR:PATH=/opt/ros/humble/install/share/pluginlib/cmake

//The directory containing a CMake configuration file for python_cmake_module.
python_cmake_module_DIR:PATH=/opt/ros/humble/install/share/python_cmake_module/cmake

//The directory containing a CMake configuration file for rcl.
rcl_DIR:PATH=/opt/ros/humble/install/share/rcl/cmake

//The directory containing a CMake configuration file for rcl_interfaces.
rcl_interfaces_DIR:PATH=/opt/ros/humble/install/share/rcl_interfaces/cmake

//The directory containing a CMake configuration file for rcl_logging_interface.
rcl_logging_interface_DIR:PATH=/opt/ros/humble/install/share/rcl_logging_interface/cmake

//The directory containing a CMake configuration file for rcl_logging_spdlog.
rcl_logging_spdlog_DIR:PATH=/opt/ros/humble/install/share/rcl_logging_spdlog/cmake

//The directory containing a CMake configuration file for rcl_yaml_param_parser.
rcl_yaml_param_parser_DIR:PATH=/opt/ros/humble/install/share/rcl_yaml_param_parser/cmake

//The directory containing a CMake configuration file for rclcpp.
rclcpp_DIR:PATH=/opt/ros/humble/install/share/rclcpp/cmake

//The directory containing a CMake configuration file for rclcpp_components.
rclcpp_components_DIR:PATH=/opt/ros/humble/install/share/rclcpp_components/cmake

//The directory containing a CMake configuration file for rcpputils.
rcpputils_DIR:PATH=/opt/ros/humble/install/share/rcpputils/cmake

//The directory containing a CMake configuration file for rcutils.
rcutils_DIR:PATH=/opt/ros/humble/install/share/rcutils/cmake

//The directory containing a CMake configuration file for rmw.
rmw_DIR:PATH=/opt/ros/humble/install/share/rmw/cmake

//The directory containing a CMake configuration file for rmw_dds_common.
rmw_dds_common_DIR:PATH=/opt/ros/humble/install/share/rmw_dds_common/cmake

//The directory containing a CMake configuration file for rmw_fastrtps_cpp.
rmw_fastrtps_cpp_DIR:PATH=/opt/ros/humble/install/share/rmw_fastrtps_cpp/cmake

//The directory containing a CMake configuration file for rmw_fastrtps_shared_cpp.
rmw_fastrtps_shared_cpp_DIR:PATH=/opt/ros/humble/install/share/rmw_fastrtps_shared_cpp/cmake

//The directory containing a CMake configuration file for rmw_implementation.
rmw_implementation_DIR:PATH=/opt/ros/humble/install/share/rmw_implementation/cmake

//The directory containing a CMake configuration file for rmw_implementation_cmake.
rmw_implementation_cmake_DIR:PATH=/opt/ros/humble/install/share/rmw_implementation_cmake/cmake

//The directory containing a CMake configuration file for rosgraph_msgs.
rosgraph_msgs_DIR:PATH=/opt/ros/humble/install/share/rosgraph_msgs/cmake

//The directory containing a CMake configuration file for rosidl_adapter.
rosidl_adapter_DIR:PATH=/opt/ros/humble/install/share/rosidl_adapter/cmake

//The directory containing a CMake configuration file for rosidl_cmake.
rosidl_cmake_DIR:PATH=/opt/ros/humble/install/share/rosidl_cmake/cmake

//The directory containing a CMake configuration file for rosidl_default_runtime.
rosidl_default_runtime_DIR:PATH=/opt/ros/humble/install/share/rosidl_default_runtime/cmake

//The directory containing a CMake configuration file for rosidl_generator_c.
rosidl_generator_c_DIR:PATH=/opt/ros/humble/install/share/rosidl_generator_c/cmake

//The directory containing a CMake configuration file for rosidl_generator_cpp.
rosidl_generator_cpp_DIR:PATH=/opt/ros/humble/install/share/rosidl_generator_cpp/cmake

//The directory containing a CMake configuration file for rosidl_runtime_c.
rosidl_runtime_c_DIR:PATH=/opt/ros/humble/install/share/rosidl_runtime_c/cmake

//The directory containing a CMake configuration file for rosidl_runtime_cpp.
rosidl_runtime_cpp_DIR:PATH=/opt/ros/humble/install/share/rosidl_runtime_cpp/cmake

//The directory containing a CMake configuration file for rosidl_typesupport_c.
rosidl_typesupport_c_DIR:PATH=/opt/ros/humble/install/share/rosidl_typesupport_c/cmake

//The directory containing a CMake configuration file for rosidl_typesupport_cpp.
rosidl_typesupport_cpp_DIR:PATH=/opt/ros/humble/install/share/rosidl_typesupport_cpp/cmake

//The directory containing a CMake configuration file for rosidl_typesupport_fastrtps_c.
rosidl_typesupport_fastrtps_c_DIR:PATH=/opt/ros/humble/install/share/rosidl_typesupport_fastrtps_c/cmake

//The directory containing a CMake configuration file for rosidl_typesupport_fastrtps_cpp.
rosidl_typesupport_fastrtps_cpp_DIR:PATH=/opt/ros/humble/install/share/rosidl_typesupport_fastrtps_cpp/cmake

//The directory containing a CMake configuration file for rosidl_typesupport_interface.
rosidl_typesupport_interface_DIR:PATH=/opt/ros/humble/install/share/rosidl_typesupport_interface/cmake

//The directory containing a CMake configuration file for rosidl_typesupport_introspection_c.
rosidl_typesupport_introspection_c_DIR:PATH=/opt/ros/humble/install/share/rosidl_typesupport_introspection_c/cmake

//The directory containing a CMake configuration file for rosidl_typesupport_introspection_cpp.
rosidl_typesupport_introspection_cpp_DIR:PATH=/opt/ros/humble/install/share/rosidl_typesupport_introspection_cpp/cmake

//The directory containing a CMake configuration file for sensor_msgs.
sensor_msgs_DIR:PATH=/opt/ros/humble/install/share/sensor_msgs/cmake

//The directory containing a CMake configuration file for sensor_msgs_py.
sensor_msgs_py_DIR:PATH=sensor_msgs_py_DIR-NOTFOUND

//The directory containing a CMake configuration file for spdlog.
spdlog_DIR:PATH=/usr/lib/x86_64-linux-gnu/cmake/spdlog

//The directory containing a CMake configuration file for spdlog_vendor.
spdlog_vendor_DIR:PATH=/opt/ros/humble/install/share/spdlog_vendor/cmake

//The directory containing a CMake configuration file for statistics_msgs.
statistics_msgs_DIR:PATH=/opt/ros/humble/install/share/statistics_msgs/cmake

//The directory containing a CMake configuration file for std_msgs.
std_msgs_DIR:PATH=/opt/ros/humble/install/share/std_msgs/cmake

//The directory containing a CMake configuration file for stereo_msgs.
stereo_msgs_DIR:PATH=/opt/ros/humble/install/share/stereo_msgs/cmake

//The directory containing a CMake configuration file for tinyxml2_vendor.
tinyxml2_vendor_DIR:PATH=/opt/ros/humble/install/share/tinyxml2_vendor/cmake

//The directory containing a CMake configuration file for tracetools.
tracetools_DIR:PATH=/opt/ros/humble/install/share/tracetools/cmake

//The directory containing a CMake configuration file for vpi.
vpi_DIR:PATH=/usr/lib/cmake/vpi2

//Path to a program.
xmllint_BIN:FILEPATH=/usr/bin/xmllint

//The directory containing a CMake configuration file for yaml.
yaml_DIR:PATH=/opt/ros/humble/install/cmake


########################
# INTERNAL cache entries
########################

//ADVANCED property for variable: CMAKE_ADDR2LINE
CMAKE_ADDR2LINE-ADVANCED:INTERNAL=1
//ADVANCED property for variable: CMAKE_AR
CMAKE_AR-ADVANCED:INTERNAL=1
//This is the directory where this CMakeCache.txt was created
CMAKE_CACHEFILE_DIR:INTERNAL=/workspaces/isaac_ros-dev/build/isaac_ros_stereo_image_proc
//Major version of cmake used to create the current loaded cache
CMAKE_CACHE_MAJOR_VERSION:INTERNAL=3
//Minor version of cmake used to create the current loaded cache
CMAKE_CACHE_MINOR_VERSION:INTERNAL=26
//Patch version of cmake used to create the current loaded cache
CMAKE_CACHE_PATCH_VERSION:INTERNAL=1
//ADVANCED property for variable: CMAKE_COLOR_MAKEFILE
CMAKE_COLOR_MAKEFILE-ADVANCED:INTERNAL=1
//Path to CMake executable.
CMAKE_COMMAND:INTERNAL=/usr/local/lib/python3.8/dist-packages/cmake/data/bin/cmake
//Path to cpack program executable.
CMAKE_CPACK_COMMAND:INTERNAL=/usr/local/lib/python3.8/dist-packages/cmake/data/bin/cpack
//Path to ctest program executable.
CMAKE_CTEST_COMMAND:INTERNAL=/usr/local/lib/python3.8/dist-packages/cmake/data/bin/ctest
//ADVANCED property for variable: CMAKE_CUDA_COMPILER
CMAKE_CUDA_COMPILER-ADVANCED:INTERNAL=1
//ADVANCED property for variable: CMAKE_CUDA_FLAGS
CMAKE_CUDA_FLAGS-ADVANCED:INTERNAL=1
//ADVANCED property for variable: CMAKE_CUDA_FLAGS_DEBUG
CMAKE_CUDA_FLAGS_DEBUG-ADVANCED:INTERNAL=1
//ADVANCED property for variable: CMAKE_CUDA_FLAGS_MINSIZEREL
CMAKE_CUDA_FLAGS_MINSIZEREL-ADVANCED:INTERNAL=1
//ADVANCED property for variable: CMAKE_CUDA_FLAGS_RELEASE
CMAKE_CUDA_FLAGS_RELEASE-ADVANCED:INTERNAL=1
//ADVANCED property for variable: CMAKE_CUDA_FLAGS_RELWITHDEBINFO
CMAKE_CUDA_FLAGS_RELWITHDEBINFO-ADVANCED:INTERNAL=1
//ADVANCED property for variable: CMAKE_CXX_COMPILER
CMAKE_CXX_COMPILER-ADVANCED:INTERNAL=1
//ADVANCED property for variable: CMAKE_CXX_COMPILER_AR
CMAKE_CXX_COMPILER_AR-ADVANCED:INTERNAL=1
//ADVANCED property for variable: CMAKE_CXX_COMPILER_RANLIB
CMAKE_CXX_COMPILER_RANLIB-ADVANCED:INTERNAL=1
//ADVANCED property for variable: CMAKE_CXX_FLAGS
CMAKE_CXX_FLAGS-ADVANCED:INTERNAL=1
//ADVANCED property for variable: CMAKE_CXX_FLAGS_DEBUG
CMAKE_CXX_FLAGS_DEBUG-ADVANCED:INTERNAL=1
//ADVANCED property for variable: CMAKE_CXX_FLAGS_MINSIZEREL
CMAKE_CXX_FLAGS_MINSIZEREL-ADVANCED:INTERNAL=1
//ADVANCED property for variable: CMAKE_CXX_FLAGS_RELEASE
CMAKE_CXX_FLAGS_RELEASE-ADVANCED:INTERNAL=1
//ADVANCED property for variable: CMAKE_CXX_FLAGS_RELWITHDEBINFO
CMAKE_CXX_FLAGS_RELWITHDEBINFO-ADVANCED:INTERNAL=1
//ADVANCED property for variable: CMAKE_C_COMPILER
CMAKE_C_COMPILER-ADVANCED:INTERNAL=1
//ADVANCED property for variable: CMAKE_C_COMPILER_AR
CMAKE_C_COMPILER_AR-ADVANCED:INTERNAL=1
//ADVANCED property for variable: CMAKE_C_COMPILER_RANLIB
CMAKE_C_COMPILER_RANLIB-ADVANCED:INTERNAL=1
//ADVANCED property for variable: CMAKE_C_FLAGS
CMAKE_C_FLAGS-ADVANCED:INTERNAL=1
//ADVANCED property for variable: CMAKE_C_FLAGS_DEBUG
CMAKE_C_FLAGS_DEBUG-ADVANCED:INTERNAL=1
//ADVANCED property for variable: CMAKE_C_FLAGS_MINSIZEREL
CMAKE_C_FLAGS_MINSIZEREL-ADVANCED:INTERNAL=1
//ADVANCED property for variable: CMAKE_C_FLAGS_RELEASE
CMAKE_C_FLAGS_RELEASE-ADVANCED:INTERNAL=1
//ADVANCED property for variable: CMAKE_C_FLAGS_RELWITHDEBINFO
CMAKE_C_FLAGS_RELWITHDEBINFO-ADVANCED:INTERNAL=1
//ADVANCED property for variable: CMAKE_DLLTOOL
CMAKE_DLLTOOL-ADVANCED:INTERNAL=1
//Executable file format
CMAKE_EXECUTABLE_FORMAT:INTERNAL=ELF
//ADVANCED property for variable: CMAKE_EXE_LINKER_FLAGS
CMAKE_EXE_LINKER_FLAGS-ADVANCED:INTERNAL=1
//ADVANCED property for variable: CMAKE_EXE_LINKER_FLAGS_DEBUG
CMAKE_EXE_LINKER_FLAGS_DEBUG-ADVANCED:INTERNAL=1
//ADVANCED property for variable: CMAKE_EXE_LINKER_FLAGS_MINSIZEREL
CMAKE_EXE_LINKER_FLAGS_MINSIZEREL-ADVANCED:INTERNAL=1
//ADVANCED property for variable: CMAKE_EXE_LINKER_FLAGS_RELEASE
CMAKE_EXE_LINKER_FLAGS_RELEASE-ADVANCED:INTERNAL=1
//ADVANCED property for variable: CMAKE_EXE_LINKER_FLAGS_RELWITHDEBINFO
CMAKE_EXE_LINKER_FLAGS_RELWITHDEBINFO-ADVANCED:INTERNAL=1
//ADVANCED property for variable: CMAKE_EXPORT_COMPILE_COMMANDS
CMAKE_EXPORT_COMPILE_COMMANDS-ADVANCED:INTERNAL=1
//Name of external makefile project generator.
CMAKE_EXTRA_GENERATOR:INTERNAL=
//Name of generator.
CMAKE_GENERATOR:INTERNAL=Unix Makefiles
//Generator instance identifier.
CMAKE_GENERATOR_INSTANCE:INTERNAL=
//Name of generator platform.
CMAKE_GENERATOR_PLATFORM:INTERNAL=
//Name of generator toolset.
CMAKE_GENERATOR_TOOLSET:INTERNAL=
//Test CMAKE_HAVE_LIBC_PTHREAD
CMAKE_HAVE_LIBC_PTHREAD:INTERNAL=
//Have library pthreads
CMAKE_HAVE_PTHREADS_CREATE:INTERNAL=
//Have library pthread
CMAKE_HAVE_PTHREAD_CREATE:INTERNAL=1
//Source directory with the top level CMakeLists.txt file for this
// project
CMAKE_HOME_DIRECTORY:INTERNAL=/workspaces/isaac_ros-dev/src/isaac_ros_image_pipeline/isaac_ros_stereo_image_proc
//Install .so files without execute permission.
CMAKE_INSTALL_SO_NO_EXE:INTERNAL=1
//ADVANCED property for variable: CMAKE_LINKER
CMAKE_LINKER-ADVANCED:INTERNAL=1
//ADVANCED property for variable: CMAKE_MAKE_PROGRAM
CMAKE_MAKE_PROGRAM-ADVANCED:INTERNAL=1
//ADVANCED property for variable: CMAKE_MODULE_LINKER_FLAGS
CMAKE_MODULE_LINKER_FLAGS-ADVANCED:INTERNAL=1
//ADVANCED property for variable: CMAKE_MODULE_LINKER_FLAGS_DEBUG
CMAKE_MODULE_LINKER_FLAGS_DEBUG-ADVANCED:INTERNAL=1
//ADVANCED property for variable: CMAKE_MODULE_LINKER_FLAGS_MINSIZEREL
CMAKE_MODULE_LINKER_FLAGS_MINSIZEREL-ADVANCED:INTERNAL=1
//ADVANCED property for variable: CMAKE_MODULE_LINKER_FLAGS_RELEASE
CMAKE_MODULE_LINKER_FLAGS_RELEASE-ADVANCED:INTERNAL=1
//ADVANCED property for variable: CMAKE_MODULE_LINKER_FLAGS_RELWITHDEBINFO
CMAKE_MODULE_LINKER_FLAGS_RELWITHDEBINFO-ADVANCED:INTERNAL=1
//ADVANCED property for variable: CMAKE_NM
CMAKE_NM-ADVANCED:INTERNAL=1
//number of local generators
CMAKE_NUMBER_OF_MAKEFILES:INTERNAL=3
//ADVANCED property for variable: CMAKE_OBJCOPY
CMAKE_OBJCOPY-ADVANCED:INTERNAL=1
//ADVANCED property for variable: CMAKE_OBJDUMP
CMAKE_OBJDUMP-ADVANCED:INTERNAL=1
//Platform information initialized
CMAKE_PLATFORM_INFO_INITIALIZED:INTERNAL=1
//ADVANCED property for variable: CMAKE_RANLIB
CMAKE_RANLIB-ADVANCED:INTERNAL=1
//ADVANCED property for variable: CMAKE_READELF
CMAKE_READELF-ADVANCED:INTERNAL=1
//Path to CMake installation.
CMAKE_ROOT:INTERNAL=/usr/local/lib/python3.8/dist-packages/cmake/data/share/cmake-3.26
//ADVANCED property for variable: CMAKE_SHARED_LINKER_FLAGS
CMAKE_SHARED_LINKER_FLAGS-ADVANCED:INTERNAL=1
//ADVANCED property for variable: CMAKE_SHARED_LINKER_FLAGS_DEBUG
CMAKE_SHARED_LINKER_FLAGS_DEBUG-ADVANCED:INTERNAL=1
//ADVANCED property for variable: CMAKE_SHARED_LINKER_FLAGS_MINSIZEREL
CMAKE_SHARED_LINKER_FLAGS_MINSIZEREL-ADVANCED:INTERNAL=1
//ADVANCED property for variable: CMAKE_SHARED_LINKER_FLAGS_RELEASE
CMAKE_SHARED_LINKER_FLAGS_RELEASE-ADVANCED:INTERNAL=1
//ADVANCED property for variable: CMAKE_SHARED_LINKER_FLAGS_RELWITHDEBINFO
CMAKE_SHARED_LINKER_FLAGS_RELWITHDEBINFO-ADVANCED:INTERNAL=1
//ADVANCED property for variable: CMAKE_SKIP_INSTALL_RPATH
CMAKE_SKIP_INSTALL_RPATH-ADVANCED:INTERNAL=1
//ADVANCED property for variable: CMAKE_SKIP_RPATH
CMAKE_SKIP_RPATH-ADVANCED:INTERNAL=1
//ADVANCED property for variable: CMAKE_STATIC_LINKER_FLAGS
CMAKE_STATIC_LINKER_FLAGS-ADVANCED:INTERNAL=1
//ADVANCED property for variable: CMAKE_STATIC_LINKER_FLAGS_DEBUG
CMAKE_STATIC_LINKER_FLAGS_DEBUG-ADVANCED:INTERNAL=1
//ADVANCED property for variable: CMAKE_STATIC_LINKER_FLAGS_MINSIZEREL
CMAKE_STATIC_LINKER_FLAGS_MINSIZEREL-ADVANCED:INTERNAL=1
//ADVANCED property for variable: CMAKE_STATIC_LINKER_FLAGS_RELEASE
CMAKE_STATIC_LINKER_FLAGS_RELEASE-ADVANCED:INTERNAL=1
//ADVANCED property for variable: CMAKE_STATIC_LINKER_FLAGS_RELWITHDEBINFO
CMAKE_STATIC_LINKER_FLAGS_RELWITHDEBINFO-ADVANCED:INTERNAL=1
//ADVANCED property for variable: CMAKE_STRIP
CMAKE_STRIP-ADVANCED:INTERNAL=1
//uname command
CMAKE_UNAME:INTERNAL=/usr/bin/uname
//ADVANCED property for variable: CMAKE_VERBOSE_MAKEFILE
CMAKE_VERBOSE_MAKEFILE-ADVANCED:INTERNAL=1
//ADVANCED property for variable: CUDA_64_BIT_DEVICE_CODE
CUDA_64_BIT_DEVICE_CODE-ADVANCED:INTERNAL=1
//ADVANCED property for variable: CUDA_ATTACH_VS_BUILD_RULE_TO_CUDA_FILE
CUDA_ATTACH_VS_BUILD_RULE_TO_CUDA_FILE-ADVANCED:INTERNAL=1
//ADVANCED property for variable: CUDA_BUILD_CUBIN
CUDA_BUILD_CUBIN-ADVANCED:INTERNAL=1
//ADVANCED property for variable: CUDA_BUILD_EMULATION
CUDA_BUILD_EMULATION-ADVANCED:INTERNAL=1
//ADVANCED property for variable: CUDA_CUDART_LIBRARY
CUDA_CUDART_LIBRARY-ADVANCED:INTERNAL=1
//ADVANCED property for variable: CUDA_CUDA_LIBRARY
CUDA_CUDA_LIBRARY-ADVANCED:INTERNAL=1
//ADVANCED property for variable: CUDA_GENERATED_OUTPUT_DIR
CUDA_GENERATED_OUTPUT_DIR-ADVANCED:INTERNAL=1
//ADVANCED property for variable: CUDA_HOST_COMPILATION_CPP
CUDA_HOST_COMPILATION_CPP-ADVANCED:INTERNAL=1
//ADVANCED property for variable: CUDA_NVCC_EXECUTABLE
CUDA_NVCC_EXECUTABLE-ADVANCED:INTERNAL=1
//ADVANCED property for variable: CUDA_NVCC_FLAGS
CUDA_NVCC_FLAGS-ADVANCED:INTERNAL=1
//ADVANCED property for variable: CUDA_NVCC_FLAGS_DEBUG
CUDA_NVCC_FLAGS_DEBUG-ADVANCED:INTERNAL=1
//ADVANCED property for variable: CUDA_NVCC_FLAGS_MINSIZEREL
CUDA_NVCC_FLAGS_MINSIZEREL-ADVANCED:INTERNAL=1
//ADVANCED property for variable: CUDA_NVCC_FLAGS_RELEASE
CUDA_NVCC_FLAGS_RELEASE-ADVANCED:INTERNAL=1
//ADVANCED property for variable: CUDA_NVCC_FLAGS_RELWITHDEBINFO
CUDA_NVCC_FLAGS_RELWITHDEBINFO-ADVANCED:INTERNAL=1
//ADVANCED property for variable: CUDA_OpenCL_LIBRARY
CUDA_OpenCL_LIBRARY-ADVANCED:INTERNAL=1
//ADVANCED property for variable: CUDA_PROPAGATE_HOST_FLAGS
CUDA_PROPAGATE_HOST_FLAGS-ADVANCED:INTERNAL=1
//This is the value of the last time CUDA_SDK_ROOT_DIR was set
// successfully.
CUDA_SDK_ROOT_DIR_INTERNAL:INTERNAL=CUDA_SDK_ROOT_DIR-NOTFOUND
//ADVANCED property for variable: CUDA_SEPARABLE_COMPILATION
CUDA_SEPARABLE_COMPILATION-ADVANCED:INTERNAL=1
//ADVANCED property for variable: CUDA_TOOLKIT_INCLUDE
CUDA_TOOLKIT_INCLUDE-ADVANCED:INTERNAL=1
//This is the value of the last time CUDA_TOOLKIT_ROOT_DIR was
// set successfully.
CUDA_TOOLKIT_ROOT_DIR_INTERNAL:INTERNAL=/usr/local/cuda
//This is the value of the last time CUDA_TOOLKIT_TARGET_DIR was
// set successfully.
CUDA_TOOLKIT_TARGET_DIR_INTERNAL:INTERNAL=/usr/local/cuda
//ADVANCED property for variable: CUDA_VERBOSE_BUILD
CUDA_VERBOSE_BUILD-ADVANCED:INTERNAL=1
//ADVANCED property for variable: CUDA_VERSION
CUDA_VERSION-ADVANCED:INTERNAL=1
//ADVANCED property for variable: CUDA_cublas_LIBRARY
CUDA_cublas_LIBRARY-ADVANCED:INTERNAL=1
//ADVANCED property for variable: CUDA_cudadevrt_LIBRARY
CUDA_cudadevrt_LIBRARY-ADVANCED:INTERNAL=1
//ADVANCED property for variable: CUDA_cudart_static_LIBRARY
CUDA_cudart_static_LIBRARY-ADVANCED:INTERNAL=1
//ADVANCED property for variable: CUDA_cufft_LIBRARY
CUDA_cufft_LIBRARY-ADVANCED:INTERNAL=1
//ADVANCED property for variable: CUDA_cupti_LIBRARY
CUDA_cupti_LIBRARY-ADVANCED:INTERNAL=1
//ADVANCED property for variable: CUDA_curand_LIBRARY
CUDA_curand_LIBRARY-ADVANCED:INTERNAL=1
//ADVANCED property for variable: CUDA_cusolver_LIBRARY
CUDA_cusolver_LIBRARY-ADVANCED:INTERNAL=1
//ADVANCED property for variable: CUDA_cusparse_LIBRARY
CUDA_cusparse_LIBRARY-ADVANCED:INTERNAL=1
//Location of make2cmake.cmake
CUDA_make2cmake:INTERNAL=/usr/local/lib/python3.8/dist-packages/cmake/data/share/cmake-3.26/Modules/FindCUDA/make2cmake.cmake
//ADVANCED property for variable: CUDA_nppc_LIBRARY
CUDA_nppc_LIBRARY-ADVANCED:INTERNAL=1
//ADVANCED property for variable: CUDA_nppial_LIBRARY
CUDA_nppial_LIBRARY-ADVANCED:INTERNAL=1
//ADVANCED property for variable: CUDA_nppicc_LIBRARY
CUDA_nppicc_LIBRARY-ADVANCED:INTERNAL=1
//ADVANCED property for variable: CUDA_nppidei_LIBRARY
CUDA_nppidei_LIBRARY-ADVANCED:INTERNAL=1
//ADVANCED property for variable: CUDA_nppif_LIBRARY
CUDA_nppif_LIBRARY-ADVANCED:INTERNAL=1
//ADVANCED property for variable: CUDA_nppig_LIBRARY
CUDA_nppig_LIBRARY-ADVANCED:INTERNAL=1
//ADVANCED property for variable: CUDA_nppim_LIBRARY
CUDA_nppim_LIBRARY-ADVANCED:INTERNAL=1
//ADVANCED property for variable: CUDA_nppist_LIBRARY
CUDA_nppist_LIBRARY-ADVANCED:INTERNAL=1
//ADVANCED property for variable: CUDA_nppisu_LIBRARY
CUDA_nppisu_LIBRARY-ADVANCED:INTERNAL=1
//ADVANCED property for variable: CUDA_nppitc_LIBRARY
CUDA_nppitc_LIBRARY-ADVANCED:INTERNAL=1
//ADVANCED property for variable: CUDA_npps_LIBRARY
CUDA_npps_LIBRARY-ADVANCED:INTERNAL=1
//ADVANCED property for variable: CUDA_nvToolsExt_LIBRARY
CUDA_nvToolsExt_LIBRARY-ADVANCED:INTERNAL=1
//Location of parse_cubin.cmake
CUDA_parse_cubin:INTERNAL=/usr/local/lib/python3.8/dist-packages/cmake/data/share/cmake-3.26/Modules/FindCUDA/parse_cubin.cmake
//Location of run_nvcc.cmake
CUDA_run_nvcc:INTERNAL=/usr/local/lib/python3.8/dist-packages/cmake/data/share/cmake-3.26/Modules/FindCUDA/run_nvcc.cmake
//export targets
EXPORT_TARGETS:INTERNAL=yaml-cpp
//Details about finding CUDA
FIND_PACKAGE_MESSAGE_DETAILS_CUDA:INTERNAL=[/usr/local/cuda][/usr/local/cuda/bin/nvcc][/usr/local/cuda/include][/usr/local/cuda/lib64/libcudart_static.a][v11.8()]
//Details about finding FastRTPS
FIND_PACKAGE_MESSAGE_DETAILS_FastRTPS:INTERNAL=[/opt/ros/humble/install/include][/opt/ros/humble/install/lib/libfastrtps.so;/opt/ros/humble/install/lib/libfastcdr.so][v()]
//Details about finding GXF
FIND_PACKAGE_MESSAGE_DETAILS_GXF:INTERNAL=[cfound components: multimedia std ][v2.5.0(2.5.0)]
//Details about finding OpenSSL
FIND_PACKAGE_MESSAGE_DETAILS_OpenSSL:INTERNAL=[/usr/lib/x86_64-linux-gnu/libcrypto.so][/usr/include][c ][v1.1.1f()]
//Details about finding Python3
FIND_PACKAGE_MESSAGE_DETAILS_Python3:INTERNAL=[/usr/bin/python3.8][cfound components: Interpreter ][v3.8.10()]
//Details about finding PythonExtra
FIND_PACKAGE_MESSAGE_DETAILS_PythonExtra:INTERNAL=[.so][/usr/include/python3.8][/usr/lib/x86_64-linux-gnu/libpython3.8.so][cpython-38-x86_64-linux-gnu][.cpython-38-x86_64-linux-gnu][v()]
//Details about finding PythonInterp
FIND_PACKAGE_MESSAGE_DETAILS_PythonInterp:INTERNAL=[/usr/bin/python3][v3.8.10(3.6)]
//Details about finding PythonLibs
FIND_PACKAGE_MESSAGE_DETAILS_PythonLibs:INTERNAL=[/usr/lib/x86_64-linux-gnu/libpython3.8.so][/usr/include/python3.8][v3.8.10(3.5)]
//Details about finding Threads
FIND_PACKAGE_MESSAGE_DETAILS_Threads:INTERNAL=[TRUE][v()]
//Test FLAG_WEXTRA
FLAG_WEXTRA:INTERNAL=1
//ADVANCED property for variable: GIT_EXECUTABLE
GIT_EXECUTABLE-ADVANCED:INTERNAL=1
//ADVANCED property for variable: GXF_atlas_INCLUDE_DIR
GXF_atlas_INCLUDE_DIR-ADVANCED:INTERNAL=1
//ADVANCED property for variable: GXF_atlas_LIBRARY
GXF_atlas_LIBRARY-ADVANCED:INTERNAL=1
//ADVANCED property for variable: GXF_common_INCLUDE_DIR
GXF_common_INCLUDE_DIR-ADVANCED:INTERNAL=1
//ADVANCED property for variable: GXF_core_INCLUDE_DIR
GXF_core_INCLUDE_DIR-ADVANCED:INTERNAL=1
//ADVANCED property for variable: GXF_core_LIBRARY
GXF_core_LIBRARY-ADVANCED:INTERNAL=1
//ADVANCED property for variable: GXF_cuda_INCLUDE_DIR
GXF_cuda_INCLUDE_DIR-ADVANCED:INTERNAL=1
//ADVANCED property for variable: GXF_cuda_LIBRARY
GXF_cuda_LIBRARY-ADVANCED:INTERNAL=1
//ADVANCED property for variable: GXF_gxf_optimizer_INCLUDE_DIR
GXF_gxf_optimizer_INCLUDE_DIR-ADVANCED:INTERNAL=1
//ADVANCED property for variable: GXF_gxf_optimizer_LIBRARY
GXF_gxf_optimizer_LIBRARY-ADVANCED:INTERNAL=1
//ADVANCED property for variable: GXF_isaac_messages_INCLUDE_DIR
GXF_isaac_messages_INCLUDE_DIR-ADVANCED:INTERNAL=1
//ADVANCED property for variable: GXF_isaac_messages_LIBRARY
GXF_isaac_messages_LIBRARY-ADVANCED:INTERNAL=1
//ADVANCED property for variable: GXF_isaac_ros_messages_INCLUDE_DIR
GXF_isaac_ros_messages_INCLUDE_DIR-ADVANCED:INTERNAL=1
//ADVANCED property for variable: GXF_isaac_ros_messages_LIBRARY
GXF_isaac_ros_messages_LIBRARY-ADVANCED:INTERNAL=1
//ADVANCED property for variable: GXF_multimedia_INCLUDE_DIR
GXF_multimedia_INCLUDE_DIR-ADVANCED:INTERNAL=1
//ADVANCED property for variable: GXF_multimedia_LIBRARY
GXF_multimedia_LIBRARY-ADVANCED:INTERNAL=1
//ADVANCED property for variable: GXF_serialization_INCLUDE_DIR
GXF_serialization_INCLUDE_DIR-ADVANCED:INTERNAL=1
//ADVANCED property for variable: GXF_serialization_LIBRARY
GXF_serialization_LIBRARY-ADVANCED:INTERNAL=1
//ADVANCED property for variable: GXF_std_INCLUDE_DIR
GXF_std_INCLUDE_DIR-ADVANCED:INTERNAL=1
//ADVANCED property for variable: GXF_std_LIBRARY
GXF_std_LIBRARY-ADVANCED:INTERNAL=1
//ADVANCED property for variable: OPENSSL_CRYPTO_LIBRARY
OPENSSL_CRYPTO_LIBRARY-ADVANCED:INTERNAL=1
//ADVANCED property for variable: OPENSSL_INCLUDE_DIR
OPENSSL_INCLUDE_DIR-ADVANCED:INTERNAL=1
//ADVANCED property for variable: OPENSSL_SSL_LIBRARY
OPENSSL_SSL_LIBRARY-ADVANCED:INTERNAL=1
//ADVANCED property for variable: PKG_CONFIG_ARGN
PKG_CONFIG_ARGN-ADVANCED:INTERNAL=1
//ADVANCED property for variable: PKG_CONFIG_EXECUTABLE
PKG_CONFIG_EXECUTABLE-ADVANCED:INTERNAL=1
//ADVANCED property for variable: PYTHON_EXECUTABLE
PYTHON_EXECUTABLE-ADVANCED:INTERNAL=1
//ADVANCED property for variable: PYTHON_INCLUDE_DIR
PYTHON_INCLUDE_DIR-ADVANCED:INTERNAL=1
//ADVANCED property for variable: PYTHON_LIBRARY
PYTHON_LIBRARY-ADVANCED:INTERNAL=1
//ADVANCED property for variable: PYTHON_LIBRARY_DEBUG
PYTHON_LIBRARY_DEBUG-ADVANCED:INTERNAL=1
//The SOABI suffix for Python native extensions. See PEP-3149:
// https://www.python.org/dev/peps/pep-3149/.
PYTHON_SOABI:INTERNAL=cpython-38-x86_64-linux-gnu
//The full suffix for Python native extensions. See PEP-3149: https://www.python.org/dev/peps/pep-3149/.
PythonExtra_EXTENSION_SUFFIX:INTERNAL=.cpython-38-x86_64-linux-gnu
//ADVANCED property for variable: TINYXML2_INCLUDE_DIR
TINYXML2_INCLUDE_DIR-ADVANCED:INTERNAL=1
//ADVANCED property for variable: TINYXML2_LIBRARY
TINYXML2_LIBRARY-ADVANCED:INTERNAL=1
//linker supports push/pop state
_CMAKE_LINKER_PUSHPOP_STATE_SUPPORTED:INTERNAL=TRUE
_OPENSSL_CFLAGS:INTERNAL=
_OPENSSL_CFLAGS_I:INTERNAL=
_OPENSSL_CFLAGS_OTHER:INTERNAL=
_OPENSSL_FOUND:INTERNAL=1
_OPENSSL_INCLUDEDIR:INTERNAL=/usr/include
_OPENSSL_INCLUDE_DIRS:INTERNAL=
_OPENSSL_LDFLAGS:INTERNAL=-L/usr/lib/x86_64-linux-gnu;-lssl;-lcrypto
_OPENSSL_LDFLAGS_OTHER:INTERNAL=
_OPENSSL_LIBDIR:INTERNAL=/usr/lib/x86_64-linux-gnu
_OPENSSL_LIBRARIES:INTERNAL=ssl;crypto
_OPENSSL_LIBRARY_DIRS:INTERNAL=/usr/lib/x86_64-linux-gnu
_OPENSSL_LIBS:INTERNAL=
_OPENSSL_LIBS_L:INTERNAL=
_OPENSSL_LIBS_OTHER:INTERNAL=
_OPENSSL_LIBS_PATHS:INTERNAL=
_OPENSSL_MODULE_NAME:INTERNAL=openssl
_OPENSSL_PREFIX:INTERNAL=/usr
_OPENSSL_STATIC_CFLAGS:INTERNAL=
_OPENSSL_STATIC_CFLAGS_I:INTERNAL=
_OPENSSL_STATIC_CFLAGS_OTHER:INTERNAL=
_OPENSSL_STATIC_INCLUDE_DIRS:INTERNAL=
_OPENSSL_STATIC_LDFLAGS:INTERNAL=-L/usr/lib/x86_64-linux-gnu;-lssl;-lcrypto;-ldl;-pthread
_OPENSSL_STATIC_LDFLAGS_OTHER:INTERNAL=-pthread
_OPENSSL_STATIC_LIBDIR:INTERNAL=
_OPENSSL_STATIC_LIBRARIES:INTERNAL=ssl;crypto;dl
_OPENSSL_STATIC_LIBRARY_DIRS:INTERNAL=/usr/lib/x86_64-linux-gnu
_OPENSSL_STATIC_LIBS:INTERNAL=
_OPENSSL_STATIC_LIBS_L:INTERNAL=
_OPENSSL_STATIC_LIBS_OTHER:INTERNAL=
_OPENSSL_STATIC_LIBS_PATHS:INTERNAL=
_OPENSSL_VERSION:INTERNAL=1.1.1f
_OPENSSL_openssl_INCLUDEDIR:INTERNAL=
_OPENSSL_openssl_LIBDIR:INTERNAL=
_OPENSSL_openssl_PREFIX:INTERNAL=
_OPENSSL_openssl_VERSION:INTERNAL=
//Compiler reason failure
_Python3_Compiler_REASON_FAILURE:INTERNAL=
//Development reason failure
_Python3_Development_REASON_FAILURE:INTERNAL=
//Path to a program.
_Python3_EXECUTABLE:INTERNAL=/usr/bin/python3.8
//Python3 Properties
_Python3_INTERPRETER_PROPERTIES:INTERNAL=Python;3;8;10;64;;cpython-38-x86_64-linux-gnu;abi3;/usr/lib/python3.8;/usr/lib/python3.8;/usr/lib/python3.8/site-packages;/usr/lib/python3.8/site-packages
_Python3_INTERPRETER_SIGNATURE:INTERNAL=180e97fb1279d3b900d9246ae8984c88
//NumPy reason failure
_Python3_NumPy_REASON_FAILURE:INTERNAL=
__pkg_config_arguments__OPENSSL:INTERNAL=QUIET;openssl
__pkg_config_checked__OPENSSL:INTERNAL=1
//ADVANCED property for variable: pkgcfg_lib__OPENSSL_crypto
pkgcfg_lib__OPENSSL_crypto-ADVANCED:INTERNAL=1
//ADVANCED property for variable: pkgcfg_lib__OPENSSL_ssl
pkgcfg_lib__OPENSSL_ssl-ADVANCED:INTERNAL=1
prefix_result:INTERNAL=/usr/lib/x86_64-linux-gnu

