Performing C SOURCE FILE Test CMAKE_HAVE_LIBC_PTHREAD failed with the following output:
Change Dir: /workspaces/isaac_ros-dev/build/isaac_ros_nitros_compressed_image_type/CMakeFiles/CMakeTmp

Run Build Command(s):/usr/bin/make -f Makefile cmTC_61e31/fast && /usr/bin/make  -f CMakeFiles/cmTC_61e31.dir/build.make CMakeFiles/cmTC_61e31.dir/build
make[1]: Entering directory '/workspaces/isaac_ros-dev/build/isaac_ros_nitros_compressed_image_type/CMakeFiles/CMakeTmp'
Building C object CMakeFiles/cmTC_61e31.dir/src.c.o
/usr/bin/cc -DCMAKE_HAVE_LIBC_PTHREAD  -fPIC  -o CMakeFiles/cmTC_61e31.dir/src.c.o -c /workspaces/isaac_ros-dev/build/isaac_ros_nitros_compressed_image_type/CMakeFiles/CMakeTmp/src.c
Linking C executable cmTC_61e31
/usr/bin/cmake -E cmake_link_script CMakeFiles/cmTC_61e31.dir/link.txt --verbose=1
/usr/bin/cc -fPIC  CMakeFiles/cmTC_61e31.dir/src.c.o -o cmTC_61e31 
/usr/bin/ld: CMakeFiles/cmTC_61e31.dir/src.c.o: in function `main':
src.c:(.text+0x48): undefined reference to `pthread_create'
/usr/bin/ld: src.c:(.text+0x50): undefined reference to `pthread_detach'
/usr/bin/ld: src.c:(.text+0x58): undefined reference to `pthread_cancel'
/usr/bin/ld: src.c:(.text+0x64): undefined reference to `pthread_join'
collect2: error: ld returned 1 exit status
make[1]: *** [CMakeFiles/cmTC_61e31.dir/build.make:99: cmTC_61e31] Error 1
make[1]: Leaving directory '/workspaces/isaac_ros-dev/build/isaac_ros_nitros_compressed_image_type/CMakeFiles/CMakeTmp'
make: *** [Makefile:127: cmTC_61e31/fast] Error 2


Source file was:
#include <pthread.h>

static void* test_func(void* data)
{
  return data;
}

int main(void)
{
  pthread_t thread;
  pthread_create(&thread, NULL, test_func, NULL);
  pthread_detach(thread);
  pthread_cancel(thread);
  pthread_join(thread, NULL);
  pthread_atfork(NULL, NULL, NULL);
  pthread_exit(NULL);

  return 0;
}

Determining if the function pthread_create exists in the pthreads failed with the following output:
Change Dir: /workspaces/isaac_ros-dev/build/isaac_ros_nitros_compressed_image_type/CMakeFiles/CMakeTmp

Run Build Command(s):/usr/bin/make -f Makefile cmTC_460de/fast && /usr/bin/make  -f CMakeFiles/cmTC_460de.dir/build.make CMakeFiles/cmTC_460de.dir/build
make[1]: Entering directory '/workspaces/isaac_ros-dev/build/isaac_ros_nitros_compressed_image_type/CMakeFiles/CMakeTmp'
Building C object CMakeFiles/cmTC_460de.dir/CheckFunctionExists.c.o
/usr/bin/cc   -fPIC -DCHECK_FUNCTION_EXISTS=pthread_create -o CMakeFiles/cmTC_460de.dir/CheckFunctionExists.c.o -c /usr/share/cmake-3.23/Modules/CheckFunctionExists.c
Linking C executable cmTC_460de
/usr/bin/cmake -E cmake_link_script CMakeFiles/cmTC_460de.dir/link.txt --verbose=1
/usr/bin/cc -fPIC -DCHECK_FUNCTION_EXISTS=pthread_create CMakeFiles/cmTC_460de.dir/CheckFunctionExists.c.o -o cmTC_460de  -lpthreads 
/usr/bin/ld: cannot find -lpthreads
collect2: error: ld returned 1 exit status
make[1]: *** [CMakeFiles/cmTC_460de.dir/build.make:99: cmTC_460de] Error 1
make[1]: Leaving directory '/workspaces/isaac_ros-dev/build/isaac_ros_nitros_compressed_image_type/CMakeFiles/CMakeTmp'
make: *** [Makefile:127: cmTC_460de/fast] Error 2



